<?xml version="1.0" encoding="UTF-8"?>
<!-- Generated by org.testng.reporters.JUnitReportReporter -->
<testsuite hostname="Robin" failures="0" tests="3" name="testCases.LoginT0001" time="7.944" errors="0" timestamp="2024-05-02T21:01:24 EDT" skipped="0">
  <testcase classname="testCases.LoginT0001" name="DeleteAccount" time="4.753"/>
  <system-out/>
  <testcase classname="testCases.LoginT0001" name="CheckHomePageLogo" time="0.174"/>
  <system-out/>
  <testcase classname="testCases.LoginT0001" name="Login" time="3.017"/>
  <system-out/>
</testsuite> <!-- testCases.LoginT0001 -->
