<?xml version="1.0" encoding="UTF-8"?>
<!-- Generated by org.testng.reporters.JUnitReportReporter -->
<testsuite hostname="Robin" failures="0" tests="3" name="testCases.AccountRegistrationT0001" time="9.134" errors="0" timestamp="2024-05-02T21:12:41 EDT" skipped="0">
  <testcase classname="testCases.AccountRegistrationT0001" name="DeleteAccount" time="3.251"/>
  <system-out/>
  <testcase classname="testCases.AccountRegistrationT0001" name="CheckHomePageLogo" time="0.230"/>
  <system-out/>
  <testcase classname="testCases.AccountRegistrationT0001" name="CreateAccount" time="5.653"/>
  <system-out/>
</testsuite> <!-- testCases.AccountRegistrationT0001 -->
