<?xml version="1.0" encoding="UTF-8"?>
<!-- Generated by org.testng.reporters.JUnitReportReporter -->
<testsuite hostname="Robin" failures="0" tests="2" name="testCases.LoginT0002" time="3.384" errors="0" timestamp="2024-05-02T21:12:41 EDT" skipped="0">
  <testcase classname="testCases.LoginT0002" name="CheckHomePageLogo" time="0.055"/>
  <system-out/>
  <testcase classname="testCases.LoginT0002" name="LoginWithInavlid" time="3.329"/>
  <system-out/>
</testsuite> <!-- testCases.LoginT0002 -->
