<?xml version="1.0" encoding="UTF-8"?>
<!-- Generated by org.testng.reporters.JUnitReportReporter -->
<testsuite hostname="Robin" failures="0" tests="2" name="testCases.LoginT0002" time="4.161" errors="0" timestamp="2024-05-03T18:38:34 EDT" skipped="0">
  <testcase classname="testCases.LoginT0002" name="CheckHomePageLogo" time="0.061"/>
  <testcase classname="testCases.LoginT0002" name="LoginWithInavlid" time="4.100"/>
</testsuite> <!-- testCases.LoginT0002 -->
