<?xml version="1.0" encoding="UTF-8"?>
<!-- Generated by org.testng.reporters.JUnitReportReporter -->
<testsuite hostname="Robin" failures="0" tests="3" name="testCases.AccountRegistrationT0001" time="13.077" errors="0" timestamp="2024-05-03T18:38:34 EDT" skipped="0">
  <testcase classname="testCases.AccountRegistrationT0001" name="DeleteAccount" time="7.460"/>
  <testcase classname="testCases.AccountRegistrationT0001" name="CheckHomePageLogo" time="0.322"/>
  <testcase classname="testCases.AccountRegistrationT0001" name="CreateAccount" time="5.295"/>
</testsuite> <!-- testCases.AccountRegistrationT0001 -->
